2018-05-18 17:24:30.348[main]DEBUG c.h.snacks.dao.ShopCategoryDao.queryShopCategory - ==>  Preparing: select shop_category_id, shop_category_name, shop_category_img, priority, create_time, last_edit_time, parent_id, from tb_shop_category order by priority desc 
2018-05-18 17:24:30.427[main]DEBUG c.h.snacks.dao.ShopCategoryDao.queryShopCategory - ==> Parameters: 
2018-05-18 17:26:07.118[main]DEBUG c.h.snacks.dao.ShopCategoryDao.queryShopCategory - ==>  Preparing: select shop_category_id, shop_category_name, shop_category_img, priority, create_time, last_edit_time, parent_id from tb_shop_category order by priority desc 
2018-05-18 17:26:07.165[main]DEBUG c.h.snacks.dao.ShopCategoryDao.queryShopCategory - ==> Parameters: 
2018-05-18 17:26:07.189[main]DEBUG c.h.snacks.dao.ShopCategoryDao.queryShopCategory - <==      Total: 1
2018-05-18 17:27:40.330[main]DEBUG c.h.snacks.dao.ShopCategoryDao.queryShopCategory - ==>  Preparing: select shop_category_id, shop_category_name, shop_category_img, priority, create_time, last_edit_time, parent_id from tb_shop_category order by priority desc 
2018-05-18 17:27:40.413[main]DEBUG c.h.snacks.dao.ShopCategoryDao.queryShopCategory - ==> Parameters: 
2018-05-18 17:27:40.435[main]DEBUG c.h.snacks.dao.ShopCategoryDao.queryShopCategory - <==      Total: 2
2018-05-18 17:27:54.002[main]DEBUG c.h.snacks.dao.ShopCategoryDao.queryShopCategory - ==>  Preparing: select shop_category_id, shop_category_name, shop_category_img, priority, create_time, last_edit_time, parent_id from tb_shop_category order by priority desc 
2018-05-18 17:27:54.081[main]DEBUG c.h.snacks.dao.ShopCategoryDao.queryShopCategory - ==> Parameters: 
2018-05-18 17:27:54.101[main]DEBUG c.h.snacks.dao.ShopCategoryDao.queryShopCategory - <==      Total: 2
2018-05-18 17:31:14.223[main]DEBUG c.h.snacks.dao.ShopCategoryDao.queryShopCategory - ==>  Preparing: select shop_category_id, shop_category_name, shop_category_img, priority, create_time, last_edit_time, parent_id from tb_shop_category order by priority desc 
2018-05-18 17:31:14.272[main]DEBUG c.h.snacks.dao.ShopCategoryDao.queryShopCategory - ==> Parameters: 
2018-05-18 17:31:14.299[main]DEBUG c.h.snacks.dao.ShopCategoryDao.queryShopCategory - <==      Total: 3
2018-05-18 17:31:14.309[main]DEBUG c.h.snacks.dao.ShopCategoryDao.queryShopCategory - ==>  Preparing: select shop_category_id, shop_category_name, shop_category_img, priority, create_time, last_edit_time, parent_id from tb_shop_category WHERE parent_id = ? order by priority desc 
2018-05-18 17:31:14.310[main]DEBUG c.h.snacks.dao.ShopCategoryDao.queryShopCategory - ==> Parameters: 2(Long)
2018-05-18 17:31:14.481[main]DEBUG c.h.snacks.dao.ShopCategoryDao.queryShopCategory - <==      Total: 1
2018-05-18 17:31:52.701[main]DEBUG c.h.snacks.dao.ShopCategoryDao.queryShopCategory - ==>  Preparing: select shop_category_id, shop_category_name, shop_category_img, priority, create_time, last_edit_time, parent_id from tb_shop_category order by priority desc 
2018-05-18 17:31:52.771[main]DEBUG c.h.snacks.dao.ShopCategoryDao.queryShopCategory - ==> Parameters: 
2018-05-18 17:31:52.798[main]DEBUG c.h.snacks.dao.ShopCategoryDao.queryShopCategory - <==      Total: 3
2018-05-18 17:31:52.809[main]DEBUG c.h.snacks.dao.ShopCategoryDao.queryShopCategory - ==>  Preparing: select shop_category_id, shop_category_name, shop_category_img, priority, create_time, last_edit_time, parent_id from tb_shop_category WHERE parent_id = ? order by priority desc 
2018-05-18 17:31:52.809[main]DEBUG c.h.snacks.dao.ShopCategoryDao.queryShopCategory - ==> Parameters: 2(Long)
2018-05-18 17:31:52.811[main]DEBUG c.h.snacks.dao.ShopCategoryDao.queryShopCategory - <==      Total: 1
2018-05-18 17:52:54.451[main]DEBUG c.h.snacks.dao.ShopCategoryDao.queryShopCategory - ==>  Preparing: select shop_category_id, shop_category_name, shop_category_img, priority, create_time, last_edit_time, parent_id from tb_shop_category WHERE parent_id is not null order by priority desc 
2018-05-18 17:52:54.524[main]DEBUG c.h.snacks.dao.ShopCategoryDao.queryShopCategory - ==> Parameters: 
2018-05-18 17:52:54.584[main]DEBUG c.h.snacks.dao.ShopCategoryDao.queryShopCategory - <==      Total: 1
2018-05-18 17:52:54.593[main]DEBUG c.h.snacks.dao.ShopCategoryDao.queryShopCategory - ==>  Preparing: select shop_category_id, shop_category_name, shop_category_img, priority, create_time, last_edit_time, parent_id from tb_shop_category WHERE parent_id is not null and parent_id = ? order by priority desc 
2018-05-18 17:52:54.593[main]DEBUG c.h.snacks.dao.ShopCategoryDao.queryShopCategory - ==> Parameters: 2(Long)
2018-05-18 17:52:54.595[main]DEBUG c.h.snacks.dao.ShopCategoryDao.queryShopCategory - <==      Total: 1
2018-05-18 17:53:24.633[main]DEBUG c.h.snacks.dao.ShopCategoryDao.queryShopCategory - ==>  Preparing: select shop_category_id, shop_category_name, shop_category_img, priority, create_time, last_edit_time, parent_id from tb_shop_category WHERE parent_id is not null order by priority desc 
2018-05-18 17:53:24.684[main]DEBUG c.h.snacks.dao.ShopCategoryDao.queryShopCategory - ==> Parameters: 
2018-05-18 17:53:24.714[main]DEBUG c.h.snacks.dao.ShopCategoryDao.queryShopCategory - <==      Total: 1
2018-05-18 17:53:24.725[main]DEBUG c.h.snacks.dao.ShopCategoryDao.queryShopCategory - ==>  Preparing: select shop_category_id, shop_category_name, shop_category_img, priority, create_time, last_edit_time, parent_id from tb_shop_category WHERE parent_id is not null and parent_id = ? order by priority desc 
2018-05-18 17:53:24.725[main]DEBUG c.h.snacks.dao.ShopCategoryDao.queryShopCategory - ==> Parameters: 2(Long)
2018-05-18 17:53:24.727[main]DEBUG c.h.snacks.dao.ShopCategoryDao.queryShopCategory - <==      Total: 1
2018-05-18 17:54:11.716[main]DEBUG c.h.snacks.dao.ShopCategoryDao.queryShopCategory - ==>  Preparing: select shop_category_id, shop_category_name, shop_category_img, priority, create_time, last_edit_time, parent_id from tb_shop_category WHERE parent_id is not null order by priority desc 
2018-05-18 17:54:11.782[main]DEBUG c.h.snacks.dao.ShopCategoryDao.queryShopCategory - ==> Parameters: 
2018-05-18 17:54:11.807[main]DEBUG c.h.snacks.dao.ShopCategoryDao.queryShopCategory - <==      Total: 1
2018-05-18 17:54:11.817[main]DEBUG c.h.snacks.dao.ShopCategoryDao.queryShopCategory - ==>  Preparing: select shop_category_id, shop_category_name, shop_category_img, priority, create_time, last_edit_time, parent_id from tb_shop_category WHERE parent_id is not null and parent_id = ? order by priority desc 
2018-05-18 17:54:11.818[main]DEBUG c.h.snacks.dao.ShopCategoryDao.queryShopCategory - ==> Parameters: 2(Long)
2018-05-18 17:54:11.819[main]DEBUG c.h.snacks.dao.ShopCategoryDao.queryShopCategory - <==      Total: 1
2018-05-18 17:54:31.516[main]DEBUG c.h.snacks.dao.ShopCategoryDao.queryShopCategory - ==>  Preparing: select shop_category_id, shop_category_name, shop_category_img, priority, create_time, last_edit_time, parent_id from tb_shop_category WHERE parent_id is not null order by priority desc 
2018-05-18 17:54:31.577[main]DEBUG c.h.snacks.dao.ShopCategoryDao.queryShopCategory - ==> Parameters: 
2018-05-18 17:54:31.600[main]DEBUG c.h.snacks.dao.ShopCategoryDao.queryShopCategory - <==      Total: 1
2018-05-18 17:54:39.814[main]DEBUG c.h.snacks.dao.ShopCategoryDao.queryShopCategory - ==>  Preparing: select shop_category_id, shop_category_name, shop_category_img, priority, create_time, last_edit_time, parent_id from tb_shop_category WHERE parent_id is not null order by priority desc 
2018-05-18 17:54:39.862[main]DEBUG c.h.snacks.dao.ShopCategoryDao.queryShopCategory - ==> Parameters: 
2018-05-18 17:54:39.881[main]DEBUG c.h.snacks.dao.ShopCategoryDao.queryShopCategory - <==      Total: 1
2018-05-18 17:56:21.422[main]DEBUG c.h.snacks.dao.ShopCategoryDao.queryShopCategory - ==>  Preparing: select shop_category_id, shop_category_name, shop_category_img, priority, create_time, last_edit_time, parent_id from tb_shop_category WHERE parent_id is not null order by priority desc 
2018-05-18 17:56:21.478[main]DEBUG c.h.snacks.dao.ShopCategoryDao.queryShopCategory - ==> Parameters: 
2018-05-18 17:56:21.508[main]DEBUG c.h.snacks.dao.ShopCategoryDao.queryShopCategory - <==      Total: 1
